<?xml version="1.0" encoding="UTF-8"?>
<!-- Generated by org.testng.reporters.JUnitXMLReporter -->
<testsuite hostname="DESKTOP-05GF38H" failures="0" tests="4" name="Test" time="0.04" errors="0" timestamp="18 Mar 2020 10:10:54 GMT">
  <testcase classname="qaclcikacademy.AppiumTest" name="Browesr" time="0.014"/>
  <testcase classname="qaclcikacademy.AppiumTest" name="postelement" time="0.002"/>
  <testcase classname="qaclcikacademy.SeleniumTest" name="BrowesrAutomation" time="0.002"/>
  <testcase classname="qaclcikacademy.SeleniumTest" name="element" time="0.002"/>
</testsuite> <!-- Test -->
