<?xml version="1.0" encoding="UTF-8"?>
<!-- Generated by org.testng.reporters.JUnitXMLReporter -->
<testsuite hostname="DESKTOP-05GF38H" failures="0" tests="6" name="Command line test" time="0.024" errors="0" timestamp="14 Aug 2020 11:31:05 GMT">
  <testcase classname="qaclcikacademy.APItTest" name="actiondata" time="0.007"/>
  <testcase classname="qaclcikacademy.APItTest" name="postjira" time="0.0"/>
  <testcase classname="qaclcikacademy.AppiumTest" name="Browesr" time="0.0"/>
  <testcase classname="qaclcikacademy.AppiumTest" name="postelement" time="0.0"/>
  <testcase classname="qaclcikacademy.SeleniumTest" name="BrowesrAutomation" time="0.0"/>
  <testcase classname="qaclcikacademy.SeleniumTest" name="element" time="0.0"/>
</testsuite> <!-- Command line test -->
