<?xml version="1.0" encoding="UTF-8"?>
<!-- Generated by org.testng.reporters.JUnitXMLReporter -->
<testsuite hostname="DESKTOP-05GF38H" failures="0" tests="4" name="Test" time="0.042" errors="0" timestamp="15 Aug 2020 06:48:22 GMT">
  <testcase classname="qaclcikacademy.AppiumTest" name="Browesr" time="0.015"/>
  <testcase classname="qaclcikacademy.AppiumTest" name="postelement" time="0.001"/>
  <testcase classname="qaclcikacademy.SeleniumTest" name="BrowesrAutomation" time="0.001"/>
  <testcase classname="qaclcikacademy.SeleniumTest" name="element" time="0.001"/>
</testsuite> <!-- Test -->
