<?xml version="1.0" encoding="UTF-8"?>
<testng-results total="4" passed="4" failed="0" skipped="0">
  <reporter-output>
  </reporter-output>
  <suite started-at="2020-08-15T06:48:22Z" name="Suite" finished-at="2020-08-15T06:48:22Z" duration-ms="42">
    <groups>
    </groups>
    <test started-at="2020-08-15T06:48:22Z" name="Test" finished-at="2020-08-15T06:48:22Z" duration-ms="42">
      <class name="qaclcikacademy.AppiumTest">
        <test-method signature="Browesr()[pri:0, instance:qaclcikacademy.AppiumTest@4d6025c5]" started-at="2020-08-15T16:48:22Z" name="Browesr" finished-at="2020-08-15T16:48:22Z" duration-ms="15" status="PASS">
          <reporter-output>
          </reporter-output>
        </test-method> <!-- Browesr -->
        <test-method signature="postelement()[pri:0, instance:qaclcikacademy.AppiumTest@4d6025c5]" started-at="2020-08-15T16:48:22Z" name="postelement" finished-at="2020-08-15T16:48:22Z" duration-ms="1" status="PASS">
          <reporter-output>
          </reporter-output>
        </test-method> <!-- postelement -->
      </class> <!-- qaclcikacademy.AppiumTest -->
      <class name="qaclcikacademy.SeleniumTest">
        <test-method signature="BrowesrAutomation()[pri:0, instance:qaclcikacademy.SeleniumTest@6ea2bc93]" started-at="2020-08-15T16:48:22Z" name="BrowesrAutomation" finished-at="2020-08-15T16:48:22Z" duration-ms="1" status="PASS">
          <reporter-output>
          </reporter-output>
        </test-method> <!-- BrowesrAutomation -->
        <test-method signature="element()[pri:0, instance:qaclcikacademy.SeleniumTest@6ea2bc93]" started-at="2020-08-15T16:48:22Z" name="element" finished-at="2020-08-15T16:48:22Z" duration-ms="1" status="PASS">
          <reporter-output>
          </reporter-output>
        </test-method> <!-- element -->
      </class> <!-- qaclcikacademy.SeleniumTest -->
    </test> <!-- Test -->
  </suite> <!-- Suite -->
</testng-results>
