<?xml version="1.0" encoding="UTF-8"?>
<testng-results total="2" passed="2" failed="0" skipped="0">
  <reporter-output>
  </reporter-output>
  <suite started-at="2020-03-18T10:11:23Z" name="Default suite" finished-at="2020-03-18T10:11:23Z" duration-ms="34">
    <groups>
    </groups>
    <test started-at="2020-03-18T10:11:23Z" name="Default test" finished-at="2020-03-18T10:11:23Z" duration-ms="34">
      <class name="qaclcikacademy.SeleniumTest">
        <test-method signature="BrowesrAutomation()[pri:0, instance:qaclcikacademy.SeleniumTest@609cd4d8]" started-at="2020-03-18T21:11:23Z" name="BrowesrAutomation" finished-at="2020-03-18T21:11:23Z" duration-ms="15" status="PASS">
          <reporter-output>
          </reporter-output>
        </test-method> <!-- BrowesrAutomation -->
        <test-method signature="element()[pri:0, instance:qaclcikacademy.SeleniumTest@609cd4d8]" started-at="2020-03-18T21:11:23Z" name="element" finished-at="2020-03-18T21:11:23Z" duration-ms="1" status="PASS">
          <reporter-output>
          </reporter-output>
        </test-method> <!-- element -->
      </class> <!-- qaclcikacademy.SeleniumTest -->
    </test> <!-- Default test -->
  </suite> <!-- Default suite -->
</testng-results>
